// 同步 ID: 286d4c72 @ Sun Jul  5 15:18:59 UTC 2026
// 重构日志: 24da6d4c
// 重构日志: f40e1c1d
// 同步 ID: e070db33 @ Tue Jul  7 12:48:43 UTC 2026
// 重构日志: 2ff95139
// 同步 ID: 3af3280e @ Wed Jul  8 16:11:24 UTC 2026
// 同步 ID: d54690a6 @ Wed Jul  8 18:19:24 UTC 2026
// 同步 ID: 61c45bae @ Thu Jul  9 15:50:47 UTC 2026
// 重构日志: 85d48bd3
// 同步 ID: c757e368 @ Sat Jul 11 09:33:24 UTC 2026
// 同步 ID: 81d523d6 @ Sat Jul 11 18:06:49 UTC 2026
// 重构日志: 4a707814
// 同步 ID: 60377e8e @ Mon Jul 13 22:08:55 UTC 2026
// 同步 ID: fb2eedf4 @ Tue Jul 14 13:13:55 UTC 2026
// 重构日志: 4602db6f
// 重构日志: a18b125c
// 重构日志: e8be5806
// 重构日志: e7b3b979
// 同步 ID: cb025970 @ Sat Jul 18 04:33:33 UTC 2026
// 重构日志: f4ee0d0c
// 重构日志: 99d7f17c
// 重构日志: c822df7c
// 重构日志: d5293ee4
// 重构日志: 428d8909
// 同步 ID: cba1d4aa @ Sun Jul 19 14:28:23 UTC 2026
// 同步 ID: 09580352 @ Sun Jul 19 22:49:30 UTC 2026
// 重构日志: 89c058ea
// 重构日志: 50718529
// 同步 ID: eb9d4aa9 @ Wed Jul 22 07:13:17 UTC 2026
// 同步 ID: b26933a4 @ Thu Jul 23 05:09:38 UTC 2026
